<?xml version="1.0" encoding="UTF-8"?>
<testng-results ignored="0" total="1" passed="1" failed="0" skipped="0">
  <reporter-output>
    <line>
      <![CDATA[Execution Started]]>
    </line>
    <line>
      <![CDATA[Chrome Browser Launched]]>
    </line>
    <line>
      <![CDATA[Performing Login]]>
    </line>
    <line>
      <![CDATA[Clicking on Account Setting]]>
    </line>
    <line>
      <![CDATA[Clicking on Log out]]>
    </line>
    <line>
      <![CDATA[Clicking on Login from Homepage]]>
    </line>
    <line>
      <![CDATA[Entering valid existing Email]]>
    </line>
    <line>
      <![CDATA[Entering valid existing Password]]>
    </line>
    <line>
      <![CDATA[Clicking on the Login Button in Login Page]]>
    </line>
    <line>
      <![CDATA[Verify that user can successfully login with valid existing credentials || PASS]]>
    </line>
    <line>
      <![CDATA[Performing Logout]]>
    </line>
    <line>
      <![CDATA[Closing Browser]]>
    </line>
    <line>
      <![CDATA[Execution Ended]]>
    </line>
  </reporter-output>
  <suite started-at="2024-06-26T21:52:11 IST" name="Default suite" finished-at="2024-06-26T21:52:46 IST" duration-ms="34641">
    <groups>
    </groups>
    <test started-at="2024-06-26T21:52:11 IST" name="Default test" finished-at="2024-06-26T21:52:46 IST" duration-ms="34641">
      <class name="testscripts.login.SSID_Login_005">
        <test-method is-config="true" signature="extentReportSetUp()[pri:0, instance:testscripts.login.SSID_Login_005@131774fe]" started-at="2024-06-26T21:52:10 IST" name="extentReportSetUp" finished-at="2024-06-26T21:52:11 IST" duration-ms="545" status="PASS">
          <reporter-output>
            <line>
              <![CDATA[Execution Started]]>
            </line>
          </reporter-output>
        </test-method> <!-- extentReportSetUp -->
        <test-method is-config="true" signature="launchingBrowser(java.lang.String)[pri:0, instance:testscripts.login.SSID_Login_005@131774fe]" started-at="2024-06-26T21:52:11 IST" name="launchingBrowser" finished-at="2024-06-26T21:52:22 IST" duration-ms="10941" status="PASS">
          <params>
            <param index="0">
              <value>
                <![CDATA[Chrome]]>
              </value>
            </param>
          </params>
          <reporter-output>
            <line>
              <![CDATA[Chrome Browser Launched]]>
            </line>
          </reporter-output>
        </test-method> <!-- launchingBrowser -->
        <test-method is-config="true" signature="performingLogin(java.lang.reflect.Method)[pri:0, instance:testscripts.login.SSID_Login_005@131774fe]" started-at="2024-06-26T21:52:22 IST" name="performingLogin" finished-at="2024-06-26T21:52:36 IST" duration-ms="13959" status="PASS">
          <params>
            <param index="0">
              <value>
                <![CDATA[public void testscripts.login.SSID_Login_005.Verify_That_User_Can_Successfully_Login_With_Valid_Existing_Credentials() throws java.lang.InterruptedException]]>
              </value>
            </param>
          </params>
          <reporter-output>
            <line>
              <![CDATA[Performing Login]]>
            </line>
          </reporter-output>
        </test-method> <!-- performingLogin -->
        <test-method signature="Verify_That_User_Can_Successfully_Login_With_Valid_Existing_Credentials()[pri:0, instance:testscripts.login.SSID_Login_005@131774fe]" started-at="2024-06-26T21:52:36 IST" name="Verify_That_User_Can_Successfully_Login_With_Valid_Existing_Credentials" finished-at="2024-06-26T21:52:45 IST" duration-ms="9244" status="PASS">
          <reporter-output>
            <line>
              <![CDATA[Clicking on Account Setting]]>
            </line>
            <line>
              <![CDATA[Clicking on Log out]]>
            </line>
            <line>
              <![CDATA[Clicking on Login from Homepage]]>
            </line>
            <line>
              <![CDATA[Entering valid existing Email]]>
            </line>
            <line>
              <![CDATA[Entering valid existing Password]]>
            </line>
            <line>
              <![CDATA[Clicking on the Login Button in Login Page]]>
            </line>
            <line>
              <![CDATA[Verify that user can successfully login with valid existing credentials || PASS]]>
            </line>
          </reporter-output>
        </test-method> <!-- Verify_That_User_Can_Successfully_Login_With_Valid_Existing_Credentials -->
        <test-method is-config="true" signature="performingLogout()[pri:0, instance:testscripts.login.SSID_Login_005@131774fe]" started-at="2024-06-26T21:52:45 IST" name="performingLogout" finished-at="2024-06-26T21:52:45 IST" duration-ms="260" status="PASS">
          <reporter-output>
            <line>
              <![CDATA[Performing Logout]]>
            </line>
          </reporter-output>
        </test-method> <!-- performingLogout -->
        <test-method is-config="true" signature="closingBrowser()[pri:0, instance:testscripts.login.SSID_Login_005@131774fe]" started-at="2024-06-26T21:52:45 IST" name="closingBrowser" finished-at="2024-06-26T21:52:46 IST" duration-ms="184" status="PASS">
          <reporter-output>
            <line>
              <![CDATA[Closing Browser]]>
            </line>
          </reporter-output>
        </test-method> <!-- closingBrowser -->
        <test-method is-config="true" signature="extentReportFlush()[pri:0, instance:testscripts.login.SSID_Login_005@131774fe]" started-at="2024-06-26T21:52:46 IST" name="extentReportFlush" finished-at="2024-06-26T21:52:46 IST" duration-ms="719" status="PASS">
          <reporter-output>
            <line>
              <![CDATA[Execution Ended]]>
            </line>
          </reporter-output>
        </test-method> <!-- extentReportFlush -->
      </class> <!-- testscripts.login.SSID_Login_005 -->
    </test> <!-- Default test -->
  </suite> <!-- Default suite -->
</testng-results>
